<?xml version="1.0" encoding="UTF-8"?>
<Site BuildName="(empty)"
	BuildStamp="20231004-0538-Experimental"
	Name="(empty)"
	Generator="ctest-3.22.1"
	CompilerName=""
	CompilerVersion=""
	OSName="Linux"
	Hostname="LAPTOP-DFLU1KSC"
	OSRelease="5.15.123.1-microsoft-standard-WSL2"
	OSVersion="#1 SMP Mon Aug 7 19:01:48 UTC 2023"
	OSPlatform="x86_64"
	Is64Bits="1"
	VendorString="AuthenticAMD"
	VendorID="Advanced Micro Devices"
	FamilyID="25"
	ModelID="80"
	ProcessorCacheSize="512"
	NumberOfLogicalCPU="16"
	NumberOfPhysicalCPU="8"
	TotalVirtualMemory="2048"
	TotalPhysicalMemory="6862"
	LogicalProcessorsPerPhysical="2"
	ProcessorClockFrequency="3193.92"
	>
	<Testing>
		<StartDateTime>Oct 04 14:50 CST</StartDateTime>
		<StartTestTime>1696402254</StartTestTime>
		<TestList/>
		<EndDateTime>Oct 04 14:50 CST</EndDateTime>
		<EndTestTime>1696402254</EndTestTime>
		<ElapsedMinutes>0</ElapsedMinutes>
	</Testing>
</Site>
